[JaCaMoLauncher] Workspace desenv created.
[JaCaMoLauncher] artifact auction_for_Desenvolver: tools.AuctionArt("auction_for_Desenvolver",1000) at desenv created.
[JaCaMoLauncher] artifact softConstruction: tools.ComputadorArt() at desenv created.
[JaCaMoLauncher] artifact planoTeste: tools.PlanoTesteArt() at desenv created.
[JaCaMoLauncher] artifact ambienteHomolog: tools.AmbientHomologArt() at desenv created.
[JaCaMoLauncher] artifact auction_for_AnalisarEspecifiq: tools.AuctionArt("auction_for_AnalisarEspecifiq",2000) at desenv created.
[JaCaMoLauncher] artifact auction_for_PlanoTeste: tools.AuctionArt("auction_for_PlanoTeste",1000) at desenv created.
[JaCaMoLauncher] artifact documentacao: tools.DocumentacaoArt() at desenv created.
[JaCaMoLauncher] artifact auction_for_Testar: tools.AuctionArt("auction_for_Testar",1000) at desenv created.
[JaCaMoLauncher] Workspace odesenv created.
[JaCaMoLauncher] scheme created: s1desenv: build_soft_sch using artifact ora4mas.nopl.SchemeBoard
[JaCaMoLauncher] scheme created: s2desenv: test_soft_sch using artifact ora4mas.nopl.SchemeBoard
[JaCaMoLauncher] group created: const_group: construcao using artifact ora4mas.nopl.GroupBoard
[JaCaMoLauncher] Workspace oprod created.
[JaCaMoLauncher] scheme created: s1prod: tarefa1Prod using artifact ora4mas.nopl.SchemeBoard
[JaCaMoLauncher] scheme created: s2prod: tarefa2Prod using artifact ora4mas.nopl.SchemeBoard
[JaCaMoLauncher] group created: prod_group: producao using artifact ora4mas.nopl.GroupBoard
[desenv6] I am obliged to commit to m2cs on s1desenv... doing so
[analistaA6] I am obliged to commit to m1cs on s1desenv... doing so
[analistaA6] esperando especificacao...
[analistaA6] analisando especific...
[desenv6] ligando pc
[desenv6] true
[desenv6] desenv abrindo IDE
[desenv6] true
[desenv6] codificando...
[desenv6] comitando codigo...
[desenv6] comitado
[desenv6] desenvolvido...
[desenv6] enviando para o teste...
[giacomo] desenvolvedor terminou
[testadorA10] I am obliged to commit to m2ts on s2desenv... doing so
[analistaTesteA10] I am obliged to commit to m1ts on s2desenv... doing so
[analistaTesteA10] preparando ambiente...
[analistaTesteA10] fazendo plano de teste...
[analistaTesteA10] terminei plano...
[testadorA10] executando plano de teste...
[testadorA10] liberando software...ok
[devop] testador terminou
[devop] I am obliged to commit to m1H on s1prod... doing so
[devop] criando ambiente...
[devop] recebendo pacote...
[devop] testando...
[devop] liberando software ok...
[gerInfra] I am obliged to commit to m2CP on s2prod... doing so
[gerInfra] executar plano de liberacao de software...
[gerInfra] liberando software (software em producao)...
[giacomo] Software Pronto
