[JaCaMoLauncher] Workspace desenv created.
[JaCaMoLauncher] artifact auction_for_Desenvolver: tools.AuctionArt("auction_for_Desenvolver",1000) at desenv created.
[JaCaMoLauncher] artifact softConstruction: tools.ComputadorArt() at desenv created.
[JaCaMoLauncher] artifact planoTeste: tools.PlanoTesteArt() at desenv created.
[JaCaMoLauncher] artifact ambienteHomolog: tools.AmbientHomologArt() at desenv created.
[JaCaMoLauncher] artifact auction_for_AnalisarEspecifiq: tools.AuctionArt("auction_for_AnalisarEspecifiq",2000) at desenv created.
[JaCaMoLauncher] artifact auction_for_PlanoTeste: tools.AuctionArt("auction_for_PlanoTeste",1000) at desenv created.
[JaCaMoLauncher] artifact documentacao: tools.DocumentacaoArt() at desenv created.
[JaCaMoLauncher] artifact auction_for_Testar: tools.AuctionArt("auction_for_Testar",1000) at desenv created.
[JaCaMoLauncher] Workspace odesenv created.
[JaCaMoLauncher] scheme created: s1desenv: build_soft_sch using artifact ora4mas.nopl.SchemeBoard
[JaCaMoLauncher] scheme created: s2desenv: test_soft_sch using artifact ora4mas.nopl.SchemeBoard
[JaCaMoLauncher] group created: const_group: construcao using artifact ora4mas.nopl.GroupBoard
[JaCaMoLauncher] Workspace oprod created.
[JaCaMoLauncher] scheme created: s1prod: tarefa1Prod using artifact ora4mas.nopl.SchemeBoard
[JaCaMoLauncher] scheme created: s2prod: tarefa2Prod using artifact ora4mas.nopl.SchemeBoard
[JaCaMoLauncher] group created: prod_group: producao using artifact ora4mas.nopl.GroupBoard
[analistaA2] I am obliged to commit to m1cs on s1desenv... doing so
[desenv1] I am obliged to commit to m2cs on s1desenv... doing so
[analistaA2] esperando especificacao...
[analistaA2] analisando especific...
[desenv1] ligando pc
[desenv1] true
[desenv1] desenv abrindo IDE
[desenv1] true
[desenv1] codificando...
[desenv1] comitando codigo...
[desenv1] comitado
[desenv1] desenvolvido...
[desenv1] enviando para o teste...
[giacomo] desenvolvedor terminou
[analistaTesteA8] I am obliged to commit to m1ts on s2desenv... doing so
[testadorA2] I am obliged to commit to m2ts on s2desenv... doing so
[analistaTesteA8] preparando ambiente...
[analistaTesteA8] fazendo plano de teste...
[analistaTesteA8] terminei plano...
[testadorA2] executando plano de teste...
[testadorA2] liberando software...ok
[devop] testador terminou
[devop] I am obliged to commit to m1H on s1prod... doing so
[devop] criando ambiente...
[devop] recebendo pacote...
[devop] testando...
[devop] liberando software ok...
[gerInfra] I am obliged to commit to m2CP on s2prod... doing so
[gerInfra] executar plano de liberacao de software...
[gerInfra] liberando software (software em producao)...
[giacomo] Software Pronto
